{
  "stats": {
    "suites": 1,
    "tests": 1,
    "passes": 1,
    "pending": 0,
    "failures": 0,
    "start": "2021-01-11T22:21:04.101Z",
    "end": "2021-01-11T22:21:14.356Z",
    "duration": 10255,
    "testsRegistered": 1,
    "passPercent": 100,
    "pendingPercent": 0,
    "other": 0,
    "hasOther": false,
    "skipped": 0,
    "hasSkipped": false
  },
  "results": [
    {
      "uuid": "a84ded8e-4b5e-49fd-8ece-746acdfb1224",
      "title": "",
      "fullFile": "cypress\\integration\\PedirOrdenSinCupon.feature",
      "file": "cypress\\integration\\PedirOrdenSinCupon.feature",
      "beforeHooks": [],
      "afterHooks": [],
      "tests": [],
      "suites": [
        {
          "uuid": "7a121676-94f8-4453-9310-acd799ab6229",
          "title": "Pedir una orden sin el cupon de bienvenida",
          "fullFile": "",
          "file": "",
          "beforeHooks": [],
          "afterHooks": [],
          "tests": [
            {
              "title": "login into at Wappi platfom with credential and get an order without cuopon",
              "fullTitle": "Pedir una orden sin el cupon de bienvenida login into at Wappi platfom with credential and get an order without cuopon",
              "timedOut": null,
              "duration": 9947,
              "state": "passed",
              "speed": "slow",
              "pass": true,
              "fail": false,
              "pending": false,
              "context": null,
              "code": "const state = window.testState;\nreturn cy\n  .then(() => state.onStartScenario(scenario, indexedSteps))\n  .then(() =>\n    resolveAndRunBeforeHooks.call(this, scenario.tags, state.feature.name)\n  )\n  .then(() =>\n    indexedSteps.forEach((step) =>\n      stepTest.call(this, state, step, rowData)\n    )\n  )\n  .then(() =>\n    resolveAndRunAfterHooks.call(this, scenario.tags, state.feature.name)\n  )\n  .then(() => state.onFinishScenario(scenario));",
              "err": {},
              "uuid": "32dc99b1-33aa-488d-8c52-96188034cd51",
              "parentUUID": "7a121676-94f8-4453-9310-acd799ab6229",
              "isHook": false,
              "skipped": false
            }
          ],
          "suites": [],
          "passes": [
            "32dc99b1-33aa-488d-8c52-96188034cd51"
          ],
          "failures": [],
          "pending": [],
          "skipped": [],
          "duration": 9947,
          "root": false,
          "rootEmpty": false,
          "_timeout": 2000
        }
      ],
      "passes": [],
      "failures": [],
      "pending": [],
      "skipped": [],
      "duration": 0,
      "root": true,
      "rootEmpty": true,
      "_timeout": 2000
    }
  ],
  "meta": {
    "mocha": {
      "version": "7.0.1"
    },
    "mochawesome": {
      "options": {
        "quiet": false,
        "reportFilename": "mochawesome",
        "saveHtml": false,
        "saveJson": true,
        "consoleReporter": "spec",
        "useInlineDiffs": false,
        "code": true
      },
      "version": "6.2.1"
    },
    "marge": {
      "options": {
        "id": "default",
        "reportDir": "cypress/results/mochawesome",
        "overwrite": false,
        "html": false,
        "json": true
      },
      "version": "5.1.0"
    }
  }
}